src/ai/prompts/gossamer.ts(4,1): error TS6133: 'extractBeatOrder' is declared but its value is never read.
src/debug/snapshot.ts(7,1): error TS6133: 'RadialTimelineView' is declared but its value is never read.
src/GossamerCommands.ts(5,10): error TS6133: 'buildRunFromDefault' is declared but its value is never read.
src/GossamerCommands.ts(5,106): error TS6133: 'extractBeatOrder' is declared but its value is never read.
src/GossamerCommands.ts(203,16): error TS6133: 'saveGossamerScores' is declared but its value is never read.
src/GossamerCommands.ts(605,33): error TS6133: 'plugin' is declared but its value is never read.
src/GossamerCommands.ts(696,34): error TS6133: 'options' is declared but its value is never read.
src/GossamerCommands.ts(729,15): error TS6133: 'beatData' is declared but its value is never read.
src/GossamerCommands.ts(917,11): error TS6133: 'files' is declared but its value is never read.
src/inquiry/components/InquiryGlyph.ts(558,13): error TS6133: 'polarToCartesianRad' is declared but its value is never read.
src/inquiry/InquiryView.ts(373,13): error TS6133: 'isRunning' is declared but its value is never read.
src/inquiry/InquiryView.ts(889,13): error TS6133: 'enginePanelAllLabelEl' is declared but its value is never read.
src/inquiry/InquiryView.ts(892,13): error TS6133: 'enginePanelGuardTokenEl' is declared but its value is never read.
src/inquiry/InquiryView.ts(956,13): error TS6133: 'summaryEl' is declared but its value is never read.
src/inquiry/InquiryView.ts(957,13): error TS6133: 'verdictEl' is declared but its value is never read.
src/inquiry/InquiryView.ts(958,13): error TS6133: 'findingsListEl' is declared but its value is never read.
src/inquiry/InquiryView.ts(962,13): error TS6133: 'detailRows' is declared but its value is never read.
src/inquiry/InquiryView.ts(3425,13): error TS6133: 'renderZonePods' is declared but its value is never read.
src/inquiry/InquiryView.ts(3572,13): error TS6133: 'renderWaveHeader' is declared but its value is never read.
src/inquiry/InquiryView.ts(3605,13): error TS6133: 'buildFindingsPanel' is declared but its value is never read.
src/inquiry/InquiryView.ts(4006,15): error TS6133: 'secondRowCount' is declared but its value is never read.
src/inquiry/InquiryView.ts(4832,33): error TS6133: 'className' is declared but its value is never read.
src/inquiry/InquiryView.ts(4872,13): error TS6133: 'getCorpusItemEffectiveMode' is declared but its value is never read.
src/inquiry/InquiryView.ts(5269,13): error TS6133: 'buildSagaCcEntries' is declared but its value is never read.
src/inquiry/InquiryView.ts(9393,19): error TS6133: 'row1Count' is declared but its value is never read.
src/inquiry/InquiryView.ts(9394,19): error TS6133: 'row2Count' is declared but its value is never read.
src/inquiry/InquiryView.ts(9783,13): error TS6133: 'getTokenTierForQuestion' is declared but its value is never read.
src/inquiry/InquiryView.ts(9809,13): error TS6133: 'toggleHelpTips' is declared but its value is never read.
src/inquiry/InquiryView.ts(9874,13): error TS6133: 'openReportPreview' is declared but its value is never read.
src/inquiry/InquiryView.ts(9883,19): error TS6133: 'saveArtifact' is declared but its value is never read.
src/inquiry/InquiryView.ts(10785,13): error TS6133: 'stringifyLogValue' is declared but its value is never read.
src/inquiry/InquiryView.ts(10889,13): error TS6133: 'formatRoundTripDuration' is declared but its value is never read.
src/inquiry/services/InquiryCorpusResolver.ts(268,13): error TS6133: 'hasSummary' is declared but its value is never read.
src/main.ts(7,10): error TS6133: 'App' is declared but its value is never read.
src/main.ts(7,23): error TS6133: 'Notice' is declared but its value is never read.
src/main.ts(7,31): error TS6133: 'Setting' is declared but its value is never read.
src/main.ts(7,40): error TS6133: 'PluginSettingTab' is declared but its value is never read.
src/main.ts(7,58): error TS6133: 'TFile' is declared but its value is never read.
src/main.ts(7,95): error TS6133: 'ItemView' is declared but its value is never read.
src/main.ts(7,105): error TS6133: 'MarkdownView' is declared but its value is never read.
src/main.ts(7,119): error TS6133: 'MarkdownRenderer' is declared but its value is never read.
src/main.ts(7,137): error TS6133: 'TextComponent' is declared but its value is never read.
src/main.ts(7,152): error TS6133: 'Modal' is declared but its value is never read.
src/main.ts(7,159): error TS6133: 'ButtonComponent' is declared but its value is never read.
src/main.ts(7,176): error TS6133: 'Editor' is declared but its value is never read.
src/main.ts(7,184): error TS6133: 'parseYaml' is declared but its value is never read.
src/main.ts(7,195): error TS6133: 'stringifyYaml' is declared but its value is never read.
src/main.ts(7,210): error TS6133: 'Menu' is declared but its value is never read.
src/main.ts(7,216): error TS6133: 'MenuItem' is declared but its value is never read.
src/main.ts(7,226): error TS6133: 'Platform' is declared but its value is never read.
src/main.ts(7,236): error TS6133: 'DropdownComponent' is declared but its value is never read.
src/main.ts(7,255): error TS6133: 'Component' is declared but its value is never read.
src/main.ts(7,266): error TS6133: 'TFolder' is declared but its value is never read.
src/main.ts(7,275): error TS6133: 'SuggestModal' is declared but its value is never read.
src/main.ts(10,1): error TS6133: 'escapeRegExp' is declared but its value is never read.
src/main.ts(11,50): error TS6133: 'desaturateColor' is declared but its value is never read.
src/main.ts(12,1): error TS6192: All imports in import declaration are unused.
src/main.ts(13,1): error TS6192: All imports in import declaration are unused.
src/main.ts(21,1): error TS6133: 'parseWhenField' is declared but its value is never read.
src/main.ts(22,1): error TS6133: 'normalizeBooleanValue' is declared but its value is never read.
src/main.ts(51,35): error TS6133: 'getVersionCheckService' is declared but its value is never read.
src/main.ts(63,7): error TS6133: 'TIMELINE_VIEW_DISPLAY_TEXT' is declared but its value is never read.
src/main.ts(111,13): error TS6133: 'metadataCacheListener' is declared but its value is never read.
src/main.ts(155,13): error TS6133: 'getFirstTimelineView' is declared but its value is never read.
src/main.ts(165,13): error TS6133: 'getApiKey' is declared but its value is never read.
src/main.ts(172,13): error TS6133: 'getModelId' is declared but its value is never read.
src/modals/AprPaletteModal.ts(104,19): error TS6133: 'applyBtn' is declared but its value is never read.
src/modals/AuthorProgressModal.ts(1,22): error TS6133: 'Setting' is declared but its value is never read.
src/modals/AuthorProgressModal.ts(19,13): error TS6133: 'lastFullSize' is declared but its value is never read.
src/modals/AuthorProgressModal.ts(639,13): error TS6133: 'getFileName' is declared but its value is never read.
src/modals/AuthorProgressModal.ts(704,13): error TS6133: 'getEffectiveTargetPath' is declared but its value is never read.
src/modals/AuthorProgressModal.ts(737,13): error TS6133: 'formatFrequencyLabel' is declared but its value is never read.
src/modals/AuthorProgressModal.ts(812,13): error TS6133: 'createStatusRow' is declared but its value is never read.
src/modals/BookDesignerModal.ts(5,1): error TS6133: 'DEFAULT_SETTINGS' is declared but its value is never read.
src/modals/BookDesignerModal.ts(28,13): error TS6133: 'descriptionEl' is declared but its value is never read.
src/modals/BookDesignerModal.ts(1363,77): error TS6133: 'totalActs' is declared but its value is never read.
src/modals/BookDesignerModal.ts(1426,15): error TS6133: 'rangeMax' is declared but its value is never read.
src/modals/CreateBeatsTemplatesModal.ts(4,39): error TS6133: 'Notice' is declared but its value is never read.
src/modals/GossamerProcessingModal.ts(43,13): error TS6133: 'processingView' is declared but its value is never read.
src/modals/GossamerScoreModal.ts(313,34): error TS6133: 'index' is declared but its value is never read.
src/modals/GossamerScoreModal.ts(426,17): error TS6133: 'countSpan' is declared but its value is never read.
src/modals/GossamerScoreModal.ts(900,13): error TS6133: 'warningEl' is declared but its value is never read.
src/modals/ManageSubplotsModal.ts(8,39): error TS6133: 'Notice' is declared but its value is never read.
src/modals/ManageSubplotsModal.ts(17,13): error TS6133: 'plugin' is declared but its value is never read.
src/modals/ManuscriptOptionsModal.ts(52,13): error TS6133: 'includeMatter' is declared but its value is never read.
src/modals/ManuscriptOptionsModal.ts(61,13): error TS6133: 'availableActs' is declared but its value is never read.
src/modals/ManuscriptOptionsModal.ts(82,13): error TS6133: 'actSnapNoteEl' is declared but its value is never read.
src/modals/ManuscriptOptionsModal.ts(88,13): error TS6133: 'outlinePresetDropdown' is declared but its value is never read.
src/modals/ManuscriptOptionsModal.ts(104,13): error TS6133: 'manuscriptPreviewToggle' is declared but its value is never read.
src/modals/ManuscriptOptionsModal.ts(106,13): error TS6133: 'manuscriptPreviewIcon' is declared but its value is never read.
src/modals/ManuscriptOptionsModal.ts(107,13): error TS6133: 'outlinePreviewToggle' is declared but its value is never read.
src/modals/ManuscriptOptionsModal.ts(109,13): error TS6133: 'outlinePreviewIcon' is declared but its value is never read.
src/modals/ManuscriptOptionsModal.ts(110,13): error TS6133: 'manuscriptPreviewExpanded' is declared but its value is never read.
src/modals/ManuscriptOptionsModal.ts(111,13): error TS6133: 'outlinePreviewExpanded' is declared but its value is never read.
src/modals/ManuscriptOptionsModal.ts(766,13): error TS6133: 'updateManuscriptPreview' is declared but its value is never read.
src/modals/ManuscriptOptionsModal.ts(804,13): error TS6133: 'updateOutlinePreview' is declared but its value is never read.
src/modals/ManuscriptOptionsModal.ts(1155,13): error TS6133: 'isReverseOrder' is declared but its value is never read.
src/modals/PlanetaryTimeModal.ts(15,13): error TS6133: 'profileDropdown' is declared but its value is never read.
src/modals/RuntimeProcessingModal.ts(11,1): error TS6133: 'TimelineItem' is declared but its value is never read.
src/modals/RuntimeProcessingModal.ts(81,13): error TS6133: 'queueContainer' is declared but its value is never read.
src/modals/RuntimeProcessingModal.ts(82,13): error TS6133: 'actionButton' is declared but its value is never read.
src/modals/RuntimeProcessingModal.ts(92,13): error TS6133: 'totalCount' is declared but its value is never read.
src/modals/SceneAnalysisProcessingModal.ts(138,13): error TS6133: 'currentEstimatedSeconds' is declared but its value is never read.
src/modals/TimelineRepairModal.ts(25,5): error TS6133: 'DEFAULT_PIPELINE_CONFIG' is declared but its value is never read.
src/modals/TimelineRepairModal.ts(31,5): error TS6133: 'editSceneWhen' is declared but its value is never read.
src/modals/TimelineRepairModal.ts(43,5): error TS6133: 'getRippleAffectedCount' is declared but its value is never read.
src/modals/TimelineRepairModal.ts(45,32): error TS6133: 'formatTimeForDisplay' is declared but its value is never read.
src/modals/TimelineRepairModal.ts(221,15): error TS6133: 'level1Row' is declared but its value is never read.
src/modals/TimelineRepairModal.ts(229,15): error TS6133: 'level2Row' is declared but its value is never read.
src/modals/TimelineRepairModal.ts(238,15): error TS6133: 'level3Row' is declared but its value is never read.
src/modals/TimelineRepairModal.ts(247,15): error TS6133: 'durationRow' is declared but its value is never read.
src/modals/TimelineRepairModal.ts(492,15): error TS6133: 'rippleLabel' is declared but its value is never read.
src/modals/TimelineRepairModal.ts(495,32): error TS6133: 'val' is declared but its value is never read.
src/modals/TimelineRepairModal.ts(863,30): error TS6133: 'current' is declared but its value is never read.
src/modals/TimelineRepairModal.ts(863,39): error TS6133: 'total' is declared but its value is never read.
src/modals/TimelineRepairModal.ts(863,46): error TS6133: 'fileName' is declared but its value is never read.
src/modes/definitions/GossamerMode.ts(105,20): error TS6133: 'view' is declared but its value is never read.
src/modes/ModeInteractionController.ts(94,13): error TS6133: 'registerHandler' is declared but its value is never read.
src/renderer/apr/aprLayout.ts(74,7): error TS6133: 'stroke' is declared but its value is never read.
src/renderer/apr/AprRenderer.ts(206,11): error TS6133: 'spokeWidth' is declared but its value is never read.
src/renderer/apr/AprRenderer.ts(473,5): error TS6133: 'allScenes' is declared but its value is never read.
src/renderer/components/BackdropRing.ts(7,25): error TS6133: 'calculateTimeSpan' is declared but its value is never read.
src/renderer/components/BackdropRing.ts(17,10): error TS6133: 'mapTimeToAngle' is declared but its value is never read.
src/renderer/components/BackdropRing.ts(141,66): error TS6133: 'index' is declared but its value is never read.
src/renderer/components/BackdropRing.ts(257,15): error TS6133: 'd' is declared but its value is never read.
src/renderer/components/BackdropRing.ts(267,15): error TS6133: 'TD_COL_DY' is declared but its value is never read.
src/renderer/components/BackdropRing.ts(393,33): error TS6133: 'segIdx' is declared but its value is never read.
src/renderer/components/ChronologueTimeline.ts(57,5): error TS6133: 'outerRadius' is declared but its value is never read.
src/renderer/components/ChronologueTimeline.ts(73,11): error TS6133: 'earliestDate' is declared but its value is never read.
src/renderer/components/ChronologueTimeline.ts(179,11): error TS6133: 'EDGE_MARGIN_RAD' is declared but its value is never read.
src/renderer/components/ChronologueTimeline.ts(181,11): error TS6133: 'TICK_LABEL_RADIUS' is declared but its value is never read.
src/renderer/components/ChronologueTimeline.ts(331,10): error TS6133: 'calculateMedian' is declared but its value is never read.
src/renderer/components/ChronologueTimeline.ts(370,5): error TS6133: 'discontinuityThreshold' is declared but its value is never read.
src/renderer/components/Grid.ts(39,5): error TS6133: 'runtimeContentType' is declared but its value is never read.
src/renderer/components/NumberSquares.ts(4,53): error TS6133: 'parseSceneTitle' is declared but its value is never read.
src/renderer/components/NumberSquares.ts(116,13): error TS6133: 'outerR' is declared but its value is never read.
src/renderer/components/NumberSquares.ts(281,11): error TS6133: 'middleRadius' is declared but its value is never read.
src/renderer/components/SubplotDominanceIndicators.ts(2,10): error TS6133: 'formatNumber' is declared but its value is never read.
src/renderer/components/SubplotDominanceIndicators.ts(141,49): error TS6133: 'ringWidths' is declared but its value is never read.
src/renderer/components/SubplotLabels.ts(17,9): error TS6133: 'act' is declared but its value is never read.
src/renderer/components/VersionIndicator.ts(86,7): error TS6133: 'HITAREA_VERTICAL_PADDING' is declared but its value is never read.
src/renderer/gossamerLayer.ts(39,3): error TS6133: 'minBand' is declared but its value is never read.
src/renderer/gossamerLayer.ts(52,9): error TS6133: 'outOfRangeBeats' is declared but its value is never read.
src/renderer/gossamerLayer.ts(625,10): error TS6133: 'reverseSvgPath' is declared but its value is never read.
src/renderer/gossamerLayer.ts(642,26): error TS6133: 'idx' is declared but its value is never read.
src/renderer/gossamerLayer.ts(697,10): error TS6133: 'interpolateCentripetal' is declared but its value is never read.
src/renderer/layout/Rings.ts(11,11): error TS6133: 'size' is declared but its value is never read.
src/renderer/layout/Rings.ts(11,73): error TS6133: 'monthTickTerminal' is declared but its value is never read.
src/renderer/layout/Rings.ts(50,50): error TS6133: 'width' is declared but its value is never read.
src/renderer/renderers/NumberSquareRenderer.ts(17,1): error TS6133: 'parseSceneTitle' is declared but its value is never read.
src/renderer/renderers/RingRenderer.ts(8,5): error TS6133: 'extractPosition' is declared but its value is never read.
src/renderer/renderers/RingRenderer.ts(25,10): error TS6133: 'shouldRenderStoryBeats' is declared but its value is never read.
src/renderer/renderers/RingRenderer.ts(398,27): error TS6133: 'dyOffset' is declared but its value is never read.
src/renderer/TimelineRenderer.ts(18,68): error TS6133: 'NumberSquareVisualResolver' is declared but its value is never read.
src/renderer/TimelineRenderer.ts(20,1): error TS6192: All imports in import declaration are unused.
src/renderer/TimelineRenderer.ts(21,23): error TS6133: 'isOverdueDateString' is declared but its value is never read.
src/renderer/TimelineRenderer.ts(22,1): error TS6192: All imports in import declaration are unused.
src/renderer/TimelineRenderer.ts(25,5): error TS6133: 'getSceneState' is declared but its value is never read.
src/renderer/TimelineRenderer.ts(26,5): error TS6133: 'buildSquareClasses' is declared but its value is never read.
src/renderer/TimelineRenderer.ts(27,5): error TS6133: 'buildTextClasses' is declared but its value is never read.
src/renderer/TimelineRenderer.ts(28,5): error TS6133: 'extractPosition' is declared but its value is never read.
src/renderer/TimelineRenderer.ts(29,5): error TS6133: 'sortScenes' is declared but its value is never read.
src/renderer/TimelineRenderer.ts(33,10): error TS6133: 'generateNumberSquareGroup' is declared but its value is never read.
src/renderer/TimelineRenderer.ts(34,1): error TS6133: 'normalizeBeatName' is declared but its value is never read.
src/renderer/TimelineRenderer.ts(37,1): error TS6133: 'getMostAdvancedStageColor' is declared but its value is never read.
src/renderer/TimelineRenderer.ts(39,1): error TS6133: 'arcPath' is declared but its value is never read.
src/renderer/TimelineRenderer.ts(52,5): error TS6133: 'ELAPSED_ARC_RADIUS' is declared but its value is never read.
src/renderer/TimelineRenderer.ts(53,5): error TS6133: 'ELAPSED_TICK_LENGTH' is declared but its value is never read.
src/renderer/TimelineRenderer.ts(58,5): error TS6133: 'SYNOPSIS_INSET' is declared but its value is never read.
src/renderer/TimelineRenderer.ts(60,5): error TS6133: 'TEXTPATH_START_NUDGE_RAD' is declared but its value is never read.
src/renderer/TimelineRenderer.ts(62,5): error TS6133: 'PLOT_PIXEL_WIDTH' is declared but its value is never read.
src/renderer/TimelineRenderer.ts(63,5): error TS6133: 'BEAT_FONT_PX' is declared but its value is never read.
src/renderer/TimelineRenderer.ts(64,5): error TS6133: 'ESTIMATE_FUDGE_RENDER' is declared but its value is never read.
src/renderer/TimelineRenderer.ts(65,5): error TS6133: 'PADDING_RENDER_PX' is declared but its value is never read.
src/renderer/TimelineRenderer.ts(66,5): error TS6133: 'ANGULAR_GAP_PX' is declared but its value is never read.
src/renderer/TimelineRenderer.ts(68,1): error TS6192: All imports in import declaration are unused.
src/renderer/TimelineRenderer.ts(70,1): error TS6133: 'getFillForScene' is declared but its value is never read.
src/renderer/TimelineRenderer.ts(71,1): error TS6133: 'estimatePixelsFromTitle' is declared but its value is never read.
src/renderer/TimelineRenderer.ts(75,44): error TS6133: 'computeSubplotDominanceStates' is declared but its value is never read.
src/renderer/TimelineRenderer.ts(75,75): error TS6133: 'resolveDominantScene' is declared but its value is never read.
src/renderer/TimelineRenderer.ts(75,102): error TS6133: 'SubplotDominanceState' is declared but its value is never read.
src/renderer/TimelineRenderer.ts(78,1): error TS6192: All imports in import declaration are unused.
src/renderer/TimelineRenderer.ts(79,1): error TS6133: 'renderBeatSlice' is declared but its value is never read.
src/renderer/TimelineRenderer.ts(85,1): error TS6133: 'renderSceneGroup' is declared but its value is never read.
src/renderer/TimelineRenderer.ts(86,1): error TS6133: 'renderBeatGroup' is declared but its value is never read.
src/renderer/TimelineRenderer.ts(88,1): error TS6192: All imports in import declaration are unused.
src/renderer/TimelineRenderer.ts(89,10): error TS6133: 'shouldRenderStoryBeats' is declared but its value is never read.
src/renderer/TimelineRenderer.ts(89,90): error TS6133: 'shouldShowInnerRingContent' is declared but its value is never read.
src/renderer/TimelineRenderer.ts(89,118): error TS6133: 'getSubplotLabelText' is declared but its value is never read.
src/renderer/TimelineRenderer.ts(190,11): error TS6133: 'sceneCount' is declared but its value is never read.
src/renderer/TimelineRenderer.ts(201,11): error TS6133: 'sceneTitleInset' is declared but its value is never read.
src/renderer/TimelineRenderer.ts(214,9): error TS6133: 'totalPlotNotes' is declared but its value is never read.
src/renderer/TimelineRenderer.ts(215,9): error TS6133: 'plotIndexByKey' is declared but its value is never read.
src/renderer/TimelineRenderer.ts(216,9): error TS6133: 'plotsBySubplot' is declared but its value is never read.
src/renderer/TimelineRenderer.ts(249,11): error TS6133: 'forceSubplotFillColors' is declared but its value is never read.
src/renderer/TimelineRenderer.ts(285,11): error TS6133: 'beatTextRadius' is declared but its value is never read.
src/renderer/TimelineRenderer.ts(380,11): error TS6133: 'circumference' is declared but its value is never read.
src/renderer/TimelineRenderer.ts(383,11): error TS6133: 'currentYearEndAngle' is declared but its value is never read.
src/renderer/TimelineRenderer.ts(442,15): error TS6133: 'actNumber' is declared but its value is never read.
src/renderer/TimelineRenderer.ts(483,11): error TS6133: 'lastBeatEndByAct' is declared but its value is never read.
src/renderer/TimelineRenderer.ts(559,11): error TS6133: 'keyX' is declared but its value is never read.
src/renderer/TimelineRenderer.ts(560,11): error TS6133: 'keyY' is declared but its value is never read.
src/renderer/TimelineRenderer.ts(561,11): error TS6133: 'swatchSize' is declared but its value is never read.
src/renderer/TimelineRenderer.ts(562,11): error TS6133: 'textOffset' is declared but its value is never read.
src/renderer/TimelineRenderer.ts(563,11): error TS6133: 'lineHeight' is declared but its value is never read.
src/renderer/TimelineRenderer.ts(572,11): error TS6133: 'centerRadius' is declared but its value is never read.
src/renderer/TimelineRenderer.ts(573,11): error TS6133: 'centerKeySize' is declared but its value is never read.
src/renderer/TimelineRenderer.ts(578,11): error TS6133: 'ICON_ID_MAP' is declared but its value is never read.
src/renderer/TimelineRenderer.ts(590,11): error TS6133: 'startY' is declared but its value is never read.
src/renderer/TimelineRenderer.ts(616,9): error TS6133: 'maxStageIdxForGrid' is declared but its value is never read.
src/renderer/utils/FontMetricsCache.ts(75,41): error TS6133: 'fontScale' is declared but its value is never read.
src/renderer/utils/GridData.ts(6,27): error TS6133: 'STATUSES_FOR_GRID' is declared but its value is never read.
src/RuntimeCommands.ts(294,11): error TS6133: 'payload' is declared but its value is never read.
src/sceneAnalysis/FileUpdater.ts(7,3): error TS6133: 'vault' is declared but its value is never read.
src/sceneAnalysis/FileUpdater.ts(74,3): error TS6133: 'vault' is declared but its value is never read.
src/sceneAnalysis/Maintenance.ts(6,112): error TS6133: 'normalizePath' is declared but its value is never read.
src/sceneAnalysis/Maintenance.ts(8,1): error TS6192: All imports in import declaration are unused.
src/sceneAnalysis/Maintenance.ts(9,1): error TS6133: 'openOrRevealFileByPath' is declared but its value is never read.
src/sceneAnalysis/Maintenance.ts(13,1): error TS6192: All imports in import declaration are unused.
src/sceneAnalysis/Maintenance.ts(14,1): error TS6133: 'DEFAULT_SETTINGS' is declared but its value is never read.
src/sceneAnalysis/Maintenance.ts(23,5): error TS6133: 'vault' is declared but its value is never read.
src/sceneAnalysis/Maintenance.ts(255,5): error TS6133: 'vault' is declared but its value is never read.
src/sceneAnalysis/SynopsisCommands.ts(13,71): error TS6133: 'hasProcessableContent' is declared but its value is never read.
src/SceneAnalysisCommands.ts(9,1): error TS6133: 'updateSceneAnalysis' is declared but its value is never read.
src/SceneAnalysisCommands.ts(13,5): error TS6133: 'calculateFlaggedCount' is declared but its value is never read.
src/SceneAnalysisCommands.ts(14,5): error TS6133: 'compareScenesByOrder' is declared but its value is never read.
src/SceneAnalysisCommands.ts(21,1): error TS6133: 'callAiProvider' is declared but its value is never read.
src/SceneAnalysisCommands.ts(22,1): error TS6133: 'parsePulseAnalysisResponse' is declared but its value is never read.
src/SceneAnalysisCommands.ts(24,1): error TS6133: 'buildSceneAnalysisPrompt' is declared but its value is never read.
src/SceneAnalysisCommands.ts(29,5): error TS6133: 'getActiveContextPrompt' is declared but its value is never read.
src/SceneAnalysisCommands.ts(40,6): error TS6196: 'FMInfo' is declared but never used.
src/SceneAnalysisCommands.ts(46,16): error TS6133: 'updateSceneFile' is declared but its value is never read.
src/SceneAnalysisCommands.ts(47,5): error TS6133: 'vault' is declared but its value is never read.
src/SceneAnalysisCommands.ts(203,11): error TS6133: 'originalOnOpen' is declared but its value is never read.
src/SceneAnalysisCommands.ts(308,11): error TS6133: 'originalOnOpen' is declared but its value is never read.
src/services/AuthorProgressService.ts(1,23): error TS6133: 'TFolder' is declared but its value is never read.
src/services/AuthorProgressService.ts(5,1): error TS6133: 'getAllScenes' is declared but its value is never read.
src/services/CommandRegistrar.ts(19,1): error TS6133: 'DEFAULT_SETTINGS' is declared but its value is never read.
src/services/ReleaseNotesService.ts(6,10): error TS6133: 'requestUrl' is declared but its value is never read.
src/services/ReleaseNotesService.ts(7,38): error TS6133: 'parseReleaseVersion' is declared but its value is never read.
src/services/ReleaseNotesService.ts(16,13): error TS6133: 'releaseNotesFetchPromise' is declared but its value is never read.
src/services/RendererService.ts(6,1): error TS6133: 'App' is declared but its value is never read.
src/services/RendererService.ts(15,1): error TS6133: 'ELAPSED_ARC_RADIUS' is declared but its value is never read.
src/services/RendererService.ts(18,29): error TS6133: 'updateSceneOpenClasses' is declared but its value is never read.
src/services/RendererService.ts(18,53): error TS6133: 'updateSceneSearchHighlights' is declared but its value is never read.
src/services/RendererService.ts(19,36): error TS6133: 'updateNumberSquareGrades' is declared but its value is never read.
src/services/RendererService.ts(21,31): error TS6133: 'updateSubplotLabelVisibility' is declared but its value is never read.
src/services/RendererService.ts(171,54): error TS6133: 'searchTerm' is declared but its value is never read.
src/services/RendererService.ts(357,54): error TS6133: 'currentSceneId' is declared but its value is never read.
src/services/SceneAnalysisService.ts(331,13): error TS6133: 'updateInfoText' is declared but its value is never read.
src/services/SubplotManagementService.ts(77,23): error TS6133: 'normalizedFm' is declared but its value is never read.
src/settings/AiContextModal.ts(1,58): error TS6133: 'TextComponent' is declared but its value is never read.
src/settings/AiContextModal.ts(9,13): error TS6133: 'result' is declared but its value is never read.
src/settings/sections/AiSection.ts(4,1): error TS6133: 'fetchAnthropicModels' is declared but its value is never read.
src/settings/sections/AiSection.ts(5,1): error TS6133: 'fetchOpenAiModels' is declared but its value is never read.
src/settings/sections/AiSection.ts(6,1): error TS6133: 'fetchGeminiModels' is declared but its value is never read.
src/settings/sections/AuthorProgressSection.ts(10,1): error TS6192: All imports in import declaration are unused.
src/settings/sections/AuthorProgressSection.ts(482,9): error TS6133: 'lastAppliedPalette' is declared but its value is never read.
src/settings/sections/AuthorProgressSection.ts(1452,15): error TS6133: 'teaserLabel' is declared but its value is never read.
src/settings/sections/AuthorProgressSection.ts(1457,15): error TS6133: 'teaserLink' is declared but its value is never read.
src/settings/sections/AuthorProgressSection.ts(1623,65): error TS6133: 'total' is declared but its value is never read.
src/settings/sections/BeatPropertiesSection.ts(16,95): error TS6133: 'FieldMigration' is declared but its value is never read.
src/settings/sections/BeatPropertiesSection.ts(18,1): error TS6133: 'filterBeatsBySystem' is declared but its value is never read.
src/settings/sections/BeatPropertiesSection.ts(37,22): error TS6133: 'sharedSafeParseYaml' is declared but its value is never read.
src/settings/sections/BeatPropertiesSection.ts(38,5): error TS6133: 'getBaseKeys' is declared but its value is never read.
src/settings/sections/BeatPropertiesSection.ts(48,31): error TS6133: 'runYamlDeleteEmptyExtraFields' is declared but its value is never read.
src/settings/sections/BeatPropertiesSection.ts(49,15): error TS6133: 'FrontmatterSafetyResult' is declared but its value is never read.
src/settings/sections/BeatPropertiesSection.ts(193,6): error TS6196: 'CustomStage' is declared but never used.
src/settings/sections/BeatPropertiesSection.ts(263,11): error TS6133: 'canManageCustomSets' is declared but its value is never read.
src/settings/sections/BeatPropertiesSection.ts(312,11): error TS6133: 'buildBeatFilename' is declared but its value is never read.
src/settings/sections/BeatPropertiesSection.ts(595,9): error TS6133: 'existingBeatCount' is declared but its value is never read.
src/settings/sections/BeatPropertiesSection.ts(726,15): error TS6133: 'resolvedRanges' is declared but its value is never read.
src/settings/sections/BeatPropertiesSection.ts(862,11): error TS6133: 'actLabelsSetting' is declared but its value is never read.
src/settings/sections/BeatPropertiesSection.ts(1630,11): error TS6133: 'renderTemplatePreview' is declared but its value is never read.
src/settings/sections/BeatPropertiesSection.ts(1884,11): error TS6133: 'beatYamlSetting' is declared but its value is never read.
src/settings/sections/BeatPropertiesSection.ts(2467,15): error TS6133: 'unsaved' is declared but its value is never read.
src/settings/sections/BeatPropertiesSection.ts(2790,19): error TS6133: 'currentHasBeats' is declared but its value is never read.
src/settings/sections/BeatPropertiesSection.ts(3111,15): error TS6133: 'attachHint' is declared but its value is never read.
src/settings/sections/BeatPropertiesSection.ts(3130,15): error TS6133: 'attachTypeIcon' is declared but its value is never read.
src/settings/sections/BeatPropertiesSection.ts(5860,10): error TS6133: 'buildYamlWithRequired' is declared but its value is never read.
src/settings/sections/CampaignManagerSection.ts(276,11): error TS6133: 'newCampaignSetting' is declared but its value is never read.
src/settings/sections/CampaignManagerSection.ts(636,11): error TS6133: 'freqSetting' is declared but its value is never read.
src/settings/sections/CampaignManagerSection.ts(1004,11): error TS6133: 'exportSizeSetting' is declared but its value is never read.
src/settings/sections/ChronologueSection.ts(66,13): error TS6133: 'app' is declared but its value is never read.
src/settings/sections/MetadataSection.ts(13,13): error TS6133: 'app' is declared but its value is never read.
src/settings/sections/PlanetaryTimeSection.ts(88,9): error TS6133: 'selector' is declared but its value is never read.
src/settings/sections/PovSection.ts(73,11): error TS6133: 'previewHeading' is declared but its value is never read.
src/settings/sections/ProfessionalSection.ts(9,56): error TS6133: 'TFile' is declared but its value is never read.
src/settings/sections/ProfessionalSection.ts(56,15): error TS6133: 'appData' is declared but its value is never read.
src/settings/sections/ProfessionalSection.ts(1047,11): error TS6133: 'hasValidKey' is declared but its value is never read.
src/settings/sections/ProfessionalSection.ts(1158,15): error TS6133: 'feedbackLink' is declared but its value is never read.
src/settings/sections/RuntimeSection.ts(410,19): error TS6133: 'defaultNote' is declared but its value is never read.
src/settings/SettingsTab.ts(29,5): error TS6133: 'isAlertDismissed' is declared but its value is never read.
src/settings/SettingsTab.ts(47,13): error TS6133: '_localKeyInput' is declared but its value is never read.
src/settings/SettingsTab.ts(229,13): error TS6133: 'showPathSuggestions' is declared but its value is never read.
src/settings/SettingsTab.ts(546,36): error TS6133: 'active' is declared but its value is never read.
src/synopsis/SynopsisView.ts(2,1): error TS6133: 'SynopsisScene' is declared but its value is never read.
src/SynopsisManager.ts(14,1): error TS6133: 't' is declared but its value is never read.
src/SynopsisManager.ts(23,1): error TS6133: 'adjustBeatLabelsAfterRender' is declared but its value is never read.
src/SynopsisManager.ts(534,11): error TS6133: 'parseHtmlSafely' is declared but its value is never read.
src/SynopsisManager.ts(733,13): error TS6133: 'stageClass' is declared but its value is never read.
src/SynopsisManager.ts(1074,45): error TS6133: 'height' is declared but its value is never read.
src/SynopsisManager.ts(1471,52): error TS6133: 'outerRadius' is declared but its value is never read.
src/SynopsisManager.ts(1556,5): error TS6133: 'sceneId' is declared but its value is never read.
src/SynopsisManager.ts(1630,9): error TS6133: 'didWrap' is declared but its value is never read.
src/SynopsisManager.ts(1715,11): error TS6133: 'currentRowLineHeight' is declared but its value is never read.
src/SynopsisManager.ts(2238,11): error TS6133: 'splitTextIntoLines' is declared but its value is never read.
src/SynopsisManager.ts(2238,44): error TS6133: 'maxWidth' is declared but its value is never read.
src/SynopsisManager.ts(2433,11): error TS6133: 'detectedGrade' is declared but its value is never read.
src/timelineRepair/frontmatterWriter.ts(12,5): error TS6196: 'RepairSceneEntry' is declared but never used.
src/types/obsidian-augment.ts(1,1): error TS6133: 'EventRef' is declared but its value is never read.
src/utils/beatsTemplates.ts(8,17): error TS6133: 'TFile' is declared but its value is never read.
src/utils/date.ts(968,11): error TS6133: 'earliestDate' is declared but its value is never read.
src/utils/date.ts(1011,9): error TS6133: 'numMajorTicks' is declared but its value is never read.
src/utils/date.ts(1094,15): error TS6133: 'gapDays' is declared but its value is never read.
src/utils/draftBook.ts(1,45): error TS6133: 'TFile' is declared but its value is never read.
src/utils/gossamer.ts(198,7): error TS6133: 'actualField' is declared but its value is never read.
src/utils/gossamer.ts(501,11): error TS6133: 'allRuns' is declared but its value is never read.
src/utils/manuscript.ts(278,36): error TS6133: 'app' is declared but its value is never read.
src/utils/numberSquareHelpers.ts(45,5): error TS6133: 'grade' is declared but its value is never read.
src/utils/text.ts(263,7): error TS6133: 'currentLength' is declared but its value is never read.
src/utils/yamlTemplateNormalize.ts(10,39): error TS6196: 'BeatSystemConfig' is declared but never used.
src/view/interactions/ChronologueShiftController.ts(89,9): error TS6133: 'hoveredScenePath' is declared but its value is never read.
src/view/interactions/ChronologueShiftController.ts(379,19): error TS6133: 'hoveredSceneGroup' is declared but its value is never read.
src/view/interactions/ChronologueShiftController.ts(1065,11): error TS6133: 'bg' is declared but its value is never read.
src/view/interactions/ChronologueShiftController.ts(1066,11): error TS6133: 'text' is declared but its value is never read.
src/view/interactions/ChronologueShiftController.ts(1320,5): error TS6133: 'subplotColors' is declared but its value is never read.
src/view/interactions/ChronologueShiftController.ts(1538,15): error TS6133: 'baseOuterRadius' is declared but its value is never read.
src/view/interactions/ModeToggleController.ts(240,11): error TS6133: 'totalWidth' is declared but its value is never read.
src/view/interactions/ModeToggleController.ts(356,89): error TS6133: 'e' is declared but its value is never read.
src/view/interactions/ModeToggleController.ts(360,89): error TS6133: 'e' is declared but its value is never read.
src/view/interactions/OuterRingDragController.ts(79,13): error TS6133: 'startTime' is declared but its value is never read.
src/view/interactions/OuterRingDragController.ts(468,48): error TS6133: 'outerR' is declared but its value is never read.
src/view/interactions/SceneInteractionManager.ts(24,5): error TS6133: 'HOVER_EXPAND_FACTOR' is declared but its value is never read.
src/view/interactions/SceneInteractionManager.ts(34,13): error TS6133: 'currentGroup' is declared but its value is never read.
src/view/modes/AllScenesMode.ts(6,1): error TS6133: 'updateSynopsisTitleColor' is declared but its value is never read.
src/view/modes/AllScenesMode.ts(73,91): error TS6133: 'scenes' is declared but its value is never read.
src/view/modes/AllScenesMode.ts(88,9): error TS6133: 'currentSceneId' is declared but its value is never read.
src/view/modes/ChronologueMode.ts(425,51): error TS6133: 'sceneGroup' is declared but its value is never read.
src/view/modes/MainPlotMode.ts(4,1): error TS6133: 'updateSynopsisTitleColor' is declared but its value is never read.
src/view/modes/MainPlotMode.ts(32,9): error TS6133: 'currentSceneId' is declared but its value is never read.
src/view/TimeLineView.ts(7,56): error TS6133: 'TAbstractFile' is declared but its value is never read.
src/view/TimeLineView.ts(7,79): error TS6133: 'normalizePath' is declared but its value is never read.
src/view/TimeLineView.ts(9,1): error TS6133: 'escapeRegExp' is declared but its value is never read.
src/view/TimeLineView.ts(11,1): error TS6133: 'SceneNumberInfo' is declared but its value is never read.
src/view/TimeLineView.ts(12,1): error TS6133: 'ZeroDraftModal' is declared but its value is never read.
src/view/TimeLineView.ts(13,1): error TS6133: 'parseSceneTitleComponents' is declared but its value is never read.
src/view/TimeLineView.ts(15,1): error TS6133: 'openOrRevealFile' is declared but its value is never read.
src/view/TimeLineView.ts(25,5): error TS6133: 'describeChanges' is declared but its value is never read.
src/view/TimeLineView.ts(29,1): error TS6133: 'clearFontMetricsCaches' is declared but its value is never read.
src/view/TimeLineView.ts(30,1): error TS6133: 'AuthorProgressModal' is declared but its value is never read.
src/view/TimeLineView.ts(40,7): error TS6133: 'HOVER_EXPAND_FACTOR' is declared but its value is never read.
src/view/TimeLineView.ts(66,13): error TS6133: 'bookSwitcherManageBtn' is declared but its value is never read.
src/view/TimeLineView.ts(77,13): error TS6133: 'normalEventHandlers' is declared but its value is never read.
src/view/TimeLineView.ts(383,23): error TS6133: 'dataLoadTime' is declared but its value is never read.
src/view/TimeLineView.ts(484,23): error TS6133: 'renderTime' is declared but its value is never read.
src/view/TimeLineView.ts(503,23): error TS6133: 'errorEl' is declared but its value is never read.
src/view/TimeLineView.ts(513,13): error TS6133: 'setupMouseCoordinateTracking' is declared but its value is never read.
src/view/TimeLineView.ts(513,42): error TS6133: 'container' is declared but its value is never read.
src/view/TimeLineView.ts(614,13): error TS6133: 'addHighlightRectangles' is declared but its value is never read.
src/view/TimeLineView.ts(645,19): error TS6133: 'startTime' is declared but its value is never read.
src/view/TimeLineView.ts(934,13): error TS6133: 'highlightFileInExplorer' is declared but its value is never read.
src/view/TimeLineView.ts(968,13): error TS6133: '_tabHighlightTimeout' is declared but its value is never read.
src/view/WelcomeScreen.ts(66,58): error TS6133: 'refreshTimeline' is declared but its value is never read.
